<?xml version="1.0" encoding="UTF-8"?>
<!-- Generated by org.testng.reporters.JUnitReportReporter -->
<testsuite hostname="ASAHI-GH22010s-MacBook-Air.local" failures="0" tests="3" name="Runner.TestRunner" time="235.161" errors="3" timestamp="2024-07-02T15:55:54 JST" skipped="0">
  <testcase classname="Runner.TestRunner" name="runScenario" time="80.959">
    <error message="Cannot invoke &quot;io.appium.java_client.android.AndroidDriver.findElement(org.openqa.selenium.By)&quot; because &quot;StepDefinitions.StepDefinitions.driver&quot; is null" type="java.lang.NullPointerException">
      <![CDATA[java.lang.NullPointerException: Cannot invoke "io.appium.java_client.android.AndroidDriver.findElement(org.openqa.selenium.By)" because "StepDefinitions.StepDefinitions.driver" is null
at StepDefinitions.StepDefinitions.veirfy_permission_is_allow(StepDefinitions.java:57)
at ✽.veirfy permission is allow(classpath:Features/RC4.feature:5)
]]>
    </error>
  </testcase> <!-- runScenario -->
  <system-out/>
  <testcase classname="Runner.TestRunner" name="runScenario" time="79.113">
    <error message="Cannot invoke &quot;io.appium.java_client.android.AndroidDriver.findElement(org.openqa.selenium.By)&quot; because &quot;StepDefinitions.StepDefinitions.driver&quot; is null" type="java.lang.NullPointerException">
      <![CDATA[java.lang.NullPointerException: Cannot invoke "io.appium.java_client.android.AndroidDriver.findElement(org.openqa.selenium.By)" because "StepDefinitions.StepDefinitions.driver" is null
at StepDefinitions.StepDefinitions.Click_on_Get_Started_button(StepDefinitions.java:90)
at ✽.Click on Get Started button(classpath:Features/RC4.feature:10)
]]>
    </error>
  </testcase> <!-- runScenario -->
  <system-out/>
  <testcase classname="Runner.TestRunner" name="runScenario" time="75.089">
    <error message="Cannot invoke &quot;io.appium.java_client.android.AndroidDriver.findElement(org.openqa.selenium.By)&quot; because &quot;StepDefinitions.StepDefinitions.driver&quot; is null" type="java.lang.NullPointerException">
      <![CDATA[java.lang.NullPointerException: Cannot invoke "io.appium.java_client.android.AndroidDriver.findElement(org.openqa.selenium.By)" because "StepDefinitions.StepDefinitions.driver" is null
at StepDefinitions.StepDefinitions.Click_on_Guest_Login(StepDefinitions.java:100)
at ✽.Click on Guest Login(classpath:Features/RC4.feature:14)
]]>
    </error>
  </testcase> <!-- runScenario -->
  <system-out/>
</testsuite> <!-- Runner.TestRunner -->
