<?xml version="1.0" encoding="UTF-8" standalone="no"?>
<testsuite errors="0" failures="3" name="io.cucumber.core.plugin.JUnitFormatter" skipped="0" tests="3" time="235.22">
    <testcase classname="Basic Test scenarios" name="Set and allow all permission" time="80.743">
        <failure message="Cannot invoke &quot;io.appium.java_client.android.AndroidDriver.findElement(org.openqa.selenium.By)&quot; because &quot;StepDefinitions.StepDefinitions.driver&quot; is null" type="java.lang.NullPointerException"><![CDATA[Given veirfy permission is allow............................................failed

StackTrace:
java.lang.NullPointerException: Cannot invoke "io.appium.java_client.android.AndroidDriver.findElement(org.openqa.selenium.By)" because "StepDefinitions.StepDefinitions.driver" is null
	at StepDefinitions.StepDefinitions.veirfy_permission_is_allow(StepDefinitions.java:57)
	at ✽.veirfy permission is allow(classpath:Features/RC4.feature:5)
]]></failure>
    </testcase>
    <testcase classname="Basic Test scenarios" name="Verify NUX and Get started button" time="79.086">
        <failure message="Cannot invoke &quot;io.appium.java_client.android.AndroidDriver.findElement(org.openqa.selenium.By)&quot; because &quot;StepDefinitions.StepDefinitions.driver&quot; is null" type="java.lang.NullPointerException"><![CDATA[Given Verify NUX flow and Get started button................................passed
When Click on Get Started button............................................failed

StackTrace:
java.lang.NullPointerException: Cannot invoke "io.appium.java_client.android.AndroidDriver.findElement(org.openqa.selenium.By)" because "StepDefinitions.StepDefinitions.driver" is null
	at StepDefinitions.StepDefinitions.Click_on_Get_Started_button(StepDefinitions.java:90)
	at ✽.Click on Get Started button(classpath:Features/RC4.feature:10)
]]></failure>
    </testcase>
    <testcase classname="Basic Test scenarios" name="Verify Guest Login" time="75.058">
        <failure message="Cannot invoke &quot;io.appium.java_client.android.AndroidDriver.findElement(org.openqa.selenium.By)&quot; because &quot;StepDefinitions.StepDefinitions.driver&quot; is null" type="java.lang.NullPointerException"><![CDATA[Then Click on Guest Login...................................................failed

StackTrace:
java.lang.NullPointerException: Cannot invoke "io.appium.java_client.android.AndroidDriver.findElement(org.openqa.selenium.By)" because "StepDefinitions.StepDefinitions.driver" is null
	at StepDefinitions.StepDefinitions.Click_on_Guest_Login(StepDefinitions.java:100)
	at ✽.Click on Guest Login(classpath:Features/RC4.feature:14)
]]></failure>
    </testcase>
</testsuite>
