<?xml version="1.0" encoding="UTF-8"?>
<!-- Generated by org.testng.reporters.JUnitXMLReporter -->
<testsuite ignored="0" hostname="ASAHI-GH22010s-MacBook-Air.local" failures="3" tests="3" name="Default test" time="238.516" errors="0" timestamp="2024-07-02T15:55:54 JST">
  <testcase classname="io.cucumber.testng.AbstractTestNGCucumberTests" name="runScenario" time="80.959">
    <failure type="java.lang.NullPointerException" message="Cannot invoke &amp;quot;io.appium.java_client.android.AndroidDriver.findElement(org.openqa.selenium.By)&amp;quot; because &amp;quot;StepDefinitions.StepDefinitions.driver&amp;quot; is null">
      <![CDATA[java.lang.NullPointerException: Cannot invoke "io.appium.java_client.android.AndroidDriver.findElement(org.openqa.selenium.By)" because "StepDefinitions.StepDefinitions.driver" is null
at StepDefinitions.StepDefinitions.veirfy_permission_is_allow(StepDefinitions.java:57)
at ✽.veirfy permission is allow(classpath:Features/RC4.feature:5)
]]>
    </failure>
  </testcase> <!-- runScenario -->
  <testcase classname="io.cucumber.testng.AbstractTestNGCucumberTests" name="runScenario" time="79.113">
    <failure type="java.lang.NullPointerException" message="Cannot invoke &amp;quot;io.appium.java_client.android.AndroidDriver.findElement(org.openqa.selenium.By)&amp;quot; because &amp;quot;StepDefinitions.StepDefinitions.driver&amp;quot; is null">
      <![CDATA[java.lang.NullPointerException: Cannot invoke "io.appium.java_client.android.AndroidDriver.findElement(org.openqa.selenium.By)" because "StepDefinitions.StepDefinitions.driver" is null
at StepDefinitions.StepDefinitions.Click_on_Get_Started_button(StepDefinitions.java:90)
at ✽.Click on Get Started button(classpath:Features/RC4.feature:10)
]]>
    </failure>
  </testcase> <!-- runScenario -->
  <testcase classname="io.cucumber.testng.AbstractTestNGCucumberTests" name="runScenario" time="75.089">
    <failure type="java.lang.NullPointerException" message="Cannot invoke &amp;quot;io.appium.java_client.android.AndroidDriver.findElement(org.openqa.selenium.By)&amp;quot; because &amp;quot;StepDefinitions.StepDefinitions.driver&amp;quot; is null">
      <![CDATA[java.lang.NullPointerException: Cannot invoke "io.appium.java_client.android.AndroidDriver.findElement(org.openqa.selenium.By)" because "StepDefinitions.StepDefinitions.driver" is null
at StepDefinitions.StepDefinitions.Click_on_Guest_Login(StepDefinitions.java:100)
at ✽.Click on Guest Login(classpath:Features/RC4.feature:14)
]]>
    </failure>
  </testcase> <!-- runScenario -->
</testsuite> <!-- Default test -->
