<html>
<head>
<title>TestNG:  Default test</title>
<link href="../testng.css" rel="stylesheet" type="text/css" />
<link href="../my-testng.css" rel="stylesheet" type="text/css" />

<style type="text/css">
.log { display: none;} 
.stack-trace { display: none;} 
</style>
<script type="text/javascript">
<!--
function flip(e) {
  current = e.style.display;
  if (current == 'block') {
    e.style.display = 'none';
    return 0;
  }
  else {
    e.style.display = 'block';
    return 1;
  }
}

function toggleBox(szDivId, elem, msg1, msg2)
{
  var res = -1;  if (document.getElementById) {
    res = flip(document.getElementById(szDivId));
  }
  else if (document.all) {
    // this is the way old msie versions work
    res = flip(document.all[szDivId]);
  }
  if(elem) {
    if(res == 0) elem.innerHTML = msg1; else elem.innerHTML = msg2;
  }

}

function toggleAllBoxes() {
  if (document.getElementsByTagName) {
    d = document.getElementsByTagName('div');
    for (i = 0; i < d.length; i++) {
      if (d[i].className == 'log') {
        flip(d[i]);
      }
    }
  }
}

// -->
</script>

</head>
<body>
<h2 align='center'>Default test</h2><table border='1' align="center">
<tr>
<td>Tests passed/Failed/Skipped:</td><td>0/3/0</td>
</tr><tr>
<td>Started on:</td><td>Tue Jul 02 15:51:50 JST 2024</td>
</tr>
<tr><td>Total time:</td><td>238 seconds (238516 ms)</td>
</tr><tr>
<td>Included groups:</td><td></td>
</tr><tr>
<td>Excluded groups:</td><td></td>
</tr>
</table><p/>
<small><i>(Hover the method name to see the test class name)</i></small><p/>
<table width='100%' border='1' class='invocation-failed'>
<tr><td colspan='4' align='center'><b>FAILED TESTS</b></td></tr>
<tr><td><b>Test method</b></td>
<td><b>Attribute(s)</b></td>
<td width="30%"><b>Exception</b></td>
<td width="10%"><b>Time (seconds)</b></td>
<td><b>Instance</b></td>
</tr>
<tr>
<td title='Runner.TestRunner.runScenario()'><b>runScenario</b><br>Test class: Runner.TestRunner<br>Test method: Runs Cucumber Scenarios<br>Parameters: "Set and allow all permission", "Basic Test scenarios"</td>
<td><div><pre>java.lang.NullPointerException: Cannot invoke &quot;io.appium.java_client.android.AndroidDriver.findElement(org.openqa.selenium.By)&quot; because &quot;StepDefinitions.StepDefinitions.driver&quot; is null
	at StepDefinitions.StepDefinitions.veirfy_permission_is_allow(StepDefinitions.java:57)
	at ✽.veirfy permission is allow(classpath:Features/RC4.feature:5)
</pre></div><a href='#' onClick='toggleBox("stack-trace46852536", this, "Click to show all stack frames", "Click to hide stack frames")'>Click to show all stack frames</a>
<div class='stack-trace' id='stack-trace46852536'><pre>java.lang.NullPointerException: Cannot invoke &quot;io.appium.java_client.android.AndroidDriver.findElement(org.openqa.selenium.By)&quot; because &quot;StepDefinitions.StepDefinitions.driver&quot; is null
	at StepDefinitions.StepDefinitions.veirfy_permission_is_allow(StepDefinitions.java:57)
	at ✽.veirfy permission is allow(classpath:Features/RC4.feature:5)
</pre></div></td>
<td>80</td>
<td>Runner.TestRunner@359df09a</td></tr>
<tr>
<td title='Runner.TestRunner.runScenario()'><b>runScenario</b><br>Test class: Runner.TestRunner<br>Test method: Runs Cucumber Scenarios<br>Parameters: "Verify NUX and Get started button", "Basic Test scenarios"</td>
<td><div><pre>java.lang.NullPointerException: Cannot invoke &quot;io.appium.java_client.android.AndroidDriver.findElement(org.openqa.selenium.By)&quot; because &quot;StepDefinitions.StepDefinitions.driver&quot; is null
	at StepDefinitions.StepDefinitions.Click_on_Get_Started_button(StepDefinitions.java:90)
	at ✽.Click on Get Started button(classpath:Features/RC4.feature:10)
</pre></div><a href='#' onClick='toggleBox("stack-trace2089578710", this, "Click to show all stack frames", "Click to hide stack frames")'>Click to show all stack frames</a>
<div class='stack-trace' id='stack-trace2089578710'><pre>java.lang.NullPointerException: Cannot invoke &quot;io.appium.java_client.android.AndroidDriver.findElement(org.openqa.selenium.By)&quot; because &quot;StepDefinitions.StepDefinitions.driver&quot; is null
	at StepDefinitions.StepDefinitions.Click_on_Get_Started_button(StepDefinitions.java:90)
	at ✽.Click on Get Started button(classpath:Features/RC4.feature:10)
</pre></div></td>
<td>79</td>
<td>Runner.TestRunner@359df09a</td></tr>
<tr>
<td title='Runner.TestRunner.runScenario()'><b>runScenario</b><br>Test class: Runner.TestRunner<br>Test method: Runs Cucumber Scenarios<br>Parameters: "Verify Guest Login", "Basic Test scenarios"</td>
<td><div><pre>java.lang.NullPointerException: Cannot invoke &quot;io.appium.java_client.android.AndroidDriver.findElement(org.openqa.selenium.By)&quot; because &quot;StepDefinitions.StepDefinitions.driver&quot; is null
	at StepDefinitions.StepDefinitions.Click_on_Guest_Login(StepDefinitions.java:100)
	at ✽.Click on Guest Login(classpath:Features/RC4.feature:14)
</pre></div><a href='#' onClick='toggleBox("stack-trace1272257854", this, "Click to show all stack frames", "Click to hide stack frames")'>Click to show all stack frames</a>
<div class='stack-trace' id='stack-trace1272257854'><pre>java.lang.NullPointerException: Cannot invoke &quot;io.appium.java_client.android.AndroidDriver.findElement(org.openqa.selenium.By)&quot; because &quot;StepDefinitions.StepDefinitions.driver&quot; is null
	at StepDefinitions.StepDefinitions.Click_on_Guest_Login(StepDefinitions.java:100)
	at ✽.Click on Guest Login(classpath:Features/RC4.feature:14)
</pre></div></td>
<td>75</td>
<td>Runner.TestRunner@359df09a</td></tr>
</table><p>
</body>
</html>